/home/robousr/Robotica-2026-2/proyecto_final_viejo/install/final_project/lib/python3.10/site-packages/final_project/__init__.py
/home/robousr/Robotica-2026-2/proyecto_final_viejo/install/final_project/lib/python3.10/site-packages/final_project/scripts/dynamics.py
/home/robousr/Robotica-2026-2/proyecto_final_viejo/install/final_project/lib/python3.10/site-packages/final_project/scripts/__init__.py
/home/robousr/Robotica-2026-2/proyecto_final_viejo/install/final_project/lib/python3.10/site-packages/final_project/scripts/manipulator_controller.py
/home/robousr/Robotica-2026-2/proyecto_final_viejo/install/final_project/lib/python3.10/site-packages/final_project/scripts/scara_controller.py
/home/robousr/Robotica-2026-2/proyecto_final_viejo/install/final_project/lib/python3.10/site-packages/final_project/scripts/custom_manager.py
/home/robousr/Robotica-2026-2/proyecto_final_viejo/install/final_project/lib/python3.10/site-packages/final_project/scripts/hardware_interface.py
/home/robousr/Robotica-2026-2/proyecto_final_viejo/install/final_project/lib/python3.10/site-packages/final_project/scripts/kinematics.py
/home/robousr/Robotica-2026-2/proyecto_final_viejo/install/final_project/lib/python3.10/site-packages/final_project/__pycache__/__init__.cpython-310.pyc
/home/robousr/Robotica-2026-2/proyecto_final_viejo/install/final_project/lib/python3.10/site-packages/final_project/scripts/__pycache__/dynamics.cpython-310.pyc
/home/robousr/Robotica-2026-2/proyecto_final_viejo/install/final_project/lib/python3.10/site-packages/final_project/scripts/__pycache__/__init__.cpython-310.pyc
/home/robousr/Robotica-2026-2/proyecto_final_viejo/install/final_project/lib/python3.10/site-packages/final_project/scripts/__pycache__/manipulator_controller.cpython-310.pyc
/home/robousr/Robotica-2026-2/proyecto_final_viejo/install/final_project/lib/python3.10/site-packages/final_project/scripts/__pycache__/scara_controller.cpython-310.pyc
/home/robousr/Robotica-2026-2/proyecto_final_viejo/install/final_project/lib/python3.10/site-packages/final_project/scripts/__pycache__/custom_manager.cpython-310.pyc
/home/robousr/Robotica-2026-2/proyecto_final_viejo/install/final_project/lib/python3.10/site-packages/final_project/scripts/__pycache__/hardware_interface.cpython-310.pyc
/home/robousr/Robotica-2026-2/proyecto_final_viejo/install/final_project/lib/python3.10/site-packages/final_project/scripts/__pycache__/kinematics.cpython-310.pyc
/home/robousr/Robotica-2026-2/proyecto_final_viejo/install/final_project/share/ament_index/resource_index/packages/final_project
/home/robousr/Robotica-2026-2/proyecto_final_viejo/install/final_project/share/final_project/package.xml
/home/robousr/Robotica-2026-2/proyecto_final_viejo/install/final_project/share/final_project/launch/rrr.launch.py
/home/robousr/Robotica-2026-2/proyecto_final_viejo/install/final_project/share/final_project/launch/scara.launch.py
/home/robousr/Robotica-2026-2/proyecto_final_viejo/install/final_project/share/final_project/urdf/rrr_robot.urdf
/home/robousr/Robotica-2026-2/proyecto_final_viejo/install/final_project/share/final_project/urdf/scara_robot.urdf
/home/robousr/Robotica-2026-2/proyecto_final_viejo/install/final_project/share/final_project/config/scara_config.rviz
/home/robousr/Robotica-2026-2/proyecto_final_viejo/install/final_project/share/final_project/config/rrr_config.rviz
/home/robousr/Robotica-2026-2/proyecto_final_viejo/install/final_project/lib/python3.10/site-packages/final_project-0.0.0-py3.10.egg-info/dependency_links.txt
/home/robousr/Robotica-2026-2/proyecto_final_viejo/install/final_project/lib/python3.10/site-packages/final_project-0.0.0-py3.10.egg-info/PKG-INFO
/home/robousr/Robotica-2026-2/proyecto_final_viejo/install/final_project/lib/python3.10/site-packages/final_project-0.0.0-py3.10.egg-info/zip-safe
/home/robousr/Robotica-2026-2/proyecto_final_viejo/install/final_project/lib/python3.10/site-packages/final_project-0.0.0-py3.10.egg-info/entry_points.txt
/home/robousr/Robotica-2026-2/proyecto_final_viejo/install/final_project/lib/python3.10/site-packages/final_project-0.0.0-py3.10.egg-info/top_level.txt
/home/robousr/Robotica-2026-2/proyecto_final_viejo/install/final_project/lib/python3.10/site-packages/final_project-0.0.0-py3.10.egg-info/SOURCES.txt
/home/robousr/Robotica-2026-2/proyecto_final_viejo/install/final_project/lib/python3.10/site-packages/final_project-0.0.0-py3.10.egg-info/requires.txt
/home/robousr/Robotica-2026-2/proyecto_final_viejo/install/final_project/lib/final_project/custom_manager
/home/robousr/Robotica-2026-2/proyecto_final_viejo/install/final_project/lib/final_project/hardware_interface
/home/robousr/Robotica-2026-2/proyecto_final_viejo/install/final_project/lib/final_project/manipulator_controller
/home/robousr/Robotica-2026-2/proyecto_final_viejo/install/final_project/lib/final_project/scara_controller
